<?xml version="1.0" encoding="UTF-8"?>
<testsuite name="com.gabikersul.cloud.tema07.twitter.TwitterServiceTest" tests="1" skipped="0" failures="0" errors="0" timestamp="2020-03-06T03:24:24" hostname="pop-os" time="0.063">
  <properties/>
  <testcase name="shouldReturnNumberOfTweetsByUserTest()" classname="com.gabikersul.cloud.tema07.twitter.TwitterServiceTest" time="0.063"/>
  <system-out><![CDATA[00:24:20.829 [Test worker] DEBUG org.springframework.test.context.BootstrapUtils - Instantiating CacheAwareContextLoaderDelegate from class [org.springframework.test.context.cache.DefaultCacheAwareContextLoaderDelegate]
00:24:20.847 [Test worker] DEBUG org.springframework.test.context.BootstrapUtils - Instantiating BootstrapContext using constructor [public org.springframework.test.context.support.DefaultBootstrapContext(java.lang.Class,org.springframework.test.context.CacheAwareContextLoaderDelegate)]
00:24:20.885 [Test worker] DEBUG org.springframework.test.context.BootstrapUtils - Instantiating TestContextBootstrapper for test class [com.gabikersul.cloud.tema07.twitter.TwitterServiceTest] from class [org.springframework.boot.test.context.SpringBootTestContextBootstrapper]
00:24:20.908 [Test worker] INFO org.springframework.boot.test.context.SpringBootTestContextBootstrapper - Neither @ContextConfiguration nor @ContextHierarchy found for test class [com.gabikersul.cloud.tema07.twitter.TwitterServiceTest], using SpringBootContextLoader
00:24:20.913 [Test worker] DEBUG org.springframework.test.context.support.AbstractContextLoader - Did not detect default resource location for test class [com.gabikersul.cloud.tema07.twitter.TwitterServiceTest]: class path resource [com/gabikersul/cloud/tema07/twitter/TwitterServiceTest-context.xml] does not exist
00:24:20.914 [Test worker] DEBUG org.springframework.test.context.support.AbstractContextLoader - Did not detect default resource location for test class [com.gabikersul.cloud.tema07.twitter.TwitterServiceTest]: class path resource [com/gabikersul/cloud/tema07/twitter/TwitterServiceTestContext.groovy] does not exist
00:24:20.914 [Test worker] INFO org.springframework.test.context.support.AbstractContextLoader - Could not detect default resource locations for test class [com.gabikersul.cloud.tema07.twitter.TwitterServiceTest]: no resource found for suffixes {-context.xml, Context.groovy}.
00:24:20.915 [Test worker] INFO org.springframework.test.context.support.AnnotationConfigContextLoaderUtils - Could not detect default configuration classes for test class [com.gabikersul.cloud.tema07.twitter.TwitterServiceTest]: TwitterServiceTest does not declare any static, non-private, non-final, nested classes annotated with @Configuration.
00:24:20.972 [Test worker] DEBUG org.springframework.test.context.support.ActiveProfilesUtils - Could not find an 'annotation declaring class' for annotation type [org.springframework.test.context.ActiveProfiles] and class [com.gabikersul.cloud.tema07.twitter.TwitterServiceTest]
00:24:21.077 [Test worker] DEBUG org.springframework.context.annotation.ClassPathScanningCandidateComponentProvider - Identified candidate component class: file [/home/gabrielakersul/workspace/ilegra/jovens-talentos/2-cloud-native/gabriela-kersul/tema-07/twitter/build/classes/java/main/com/gabikersul/cloud/tema07/twitter/TwitterApplication.class]
00:24:21.079 [Test worker] INFO org.springframework.boot.test.context.SpringBootTestContextBootstrapper - Found @SpringBootConfiguration com.gabikersul.cloud.tema07.twitter.TwitterApplication for test class com.gabikersul.cloud.tema07.twitter.TwitterServiceTest
00:24:21.201 [Test worker] DEBUG org.springframework.boot.test.context.SpringBootTestContextBootstrapper - @TestExecutionListeners is not present for class [com.gabikersul.cloud.tema07.twitter.TwitterServiceTest]: using defaults.
00:24:21.201 [Test worker] INFO org.springframework.boot.test.context.SpringBootTestContextBootstrapper - Loaded default TestExecutionListener class names from location [META-INF/spring.factories]: [org.springframework.boot.test.autoconfigure.restdocs.RestDocsTestExecutionListener, org.springframework.boot.test.autoconfigure.web.client.MockRestServiceServerResetTestExecutionListener, org.springframework.boot.test.autoconfigure.web.servlet.MockMvcPrintOnlyOnFailureTestExecutionListener, org.springframework.boot.test.autoconfigure.web.servlet.WebDriverTestExecutionListener, org.springframework.boot.test.mock.mockito.MockitoTestExecutionListener, org.springframework.boot.test.mock.mockito.ResetMocksTestExecutionListener, org.springframework.test.context.web.ServletTestExecutionListener, org.springframework.test.context.support.DirtiesContextBeforeModesTestExecutionListener, org.springframework.test.context.support.DependencyInjectionTestExecutionListener, org.springframework.test.context.support.DirtiesContextTestExecutionListener, org.springframework.test.context.transaction.TransactionalTestExecutionListener, org.springframework.test.context.jdbc.SqlScriptsTestExecutionListener, org.springframework.test.context.event.EventPublishingTestExecutionListener]
00:24:21.216 [Test worker] DEBUG org.springframework.boot.test.context.SpringBootTestContextBootstrapper - Skipping candidate TestExecutionListener [org.springframework.test.context.transaction.TransactionalTestExecutionListener] due to a missing dependency. Specify custom listener classes or make the default listener classes and their required dependencies available. Offending class: [org/springframework/transaction/TransactionDefinition]
00:24:21.218 [Test worker] DEBUG org.springframework.boot.test.context.SpringBootTestContextBootstrapper - Skipping candidate TestExecutionListener [org.springframework.test.context.jdbc.SqlScriptsTestExecutionListener] due to a missing dependency. Specify custom listener classes or make the default listener classes and their required dependencies available. Offending class: [org/springframework/transaction/interceptor/TransactionAttribute]
00:24:21.218 [Test worker] INFO org.springframework.boot.test.context.SpringBootTestContextBootstrapper - Using TestExecutionListeners: [org.springframework.test.context.web.ServletTestExecutionListener@6c533613, org.springframework.test.context.support.DirtiesContextBeforeModesTestExecutionListener@41939a42, org.springframework.boot.test.mock.mockito.MockitoTestExecutionListener@5ee4b505, org.springframework.boot.test.autoconfigure.SpringBootDependencyInjectionTestExecutionListener@2071e7d3, org.springframework.test.context.support.DirtiesContextTestExecutionListener@5567be60, org.springframework.test.context.event.EventPublishingTestExecutionListener@8fb7f04, org.springframework.boot.test.autoconfigure.restdocs.RestDocsTestExecutionListener@734cbf83, org.springframework.boot.test.autoconfigure.web.client.MockRestServiceServerResetTestExecutionListener@5c2c8146, org.springframework.boot.test.autoconfigure.web.servlet.MockMvcPrintOnlyOnFailureTestExecutionListener@34d0a01d, org.springframework.boot.test.autoconfigure.web.servlet.WebDriverTestExecutionListener@6780fadc, org.springframework.boot.test.mock.mockito.ResetMocksTestExecutionListener@7126e108]
00:24:21.225 [Test worker] DEBUG org.springframework.test.context.support.AbstractDirtiesContextTestExecutionListener - Before test class: context [DefaultTestContext@3d407383 testClass = TwitterServiceTest, testInstance = [null], testMethod = [null], testException = [null], mergedContextConfiguration = [WebMergedContextConfiguration@64e8d42f testClass = TwitterServiceTest, locations = '{}', classes = '{class com.gabikersul.cloud.tema07.twitter.TwitterApplication}', contextInitializerClasses = '[]', activeProfiles = '{}', propertySourceLocations = '{}', propertySourceProperties = '{org.springframework.boot.test.context.SpringBootTestContextBootstrapper=true}', contextCustomizers = set[org.springframework.boot.test.autoconfigure.properties.PropertyMappingContextCustomizer@0, org.springframework.boot.test.autoconfigure.web.servlet.WebDriverContextCustomizerFactory$Customizer@4c55b8d6, org.springframework.boot.test.context.filter.ExcludeFilterContextCustomizer@54bf7fff, org.springframework.boot.test.json.DuplicateJsonObjectContextCustomizerFactory$DuplicateJsonObjectContextCustomizer@6079b9b3, org.springframework.boot.test.mock.mockito.MockitoContextCustomizer@0, org.springframework.boot.test.web.client.TestRestTemplateContextCustomizer@4fcfdd0c], resourceBasePath = 'src/main/webapp', contextLoader = 'org.springframework.boot.test.context.SpringBootContextLoader', parent = [null]], attributes = map['org.springframework.test.context.web.ServletTestExecutionListener.activateListener' -> true]], class annotated with @DirtiesContext [false] with mode [null].
00:24:21.266 [Test worker] DEBUG org.springframework.test.context.support.TestPropertySourceUtils - Adding inlined properties to environment: {spring.jmx.enabled=false, org.springframework.boot.test.context.SpringBootTestContextBootstrapper=true, server.port=-1}

  .   ____          _            __ _ _
 /\\ / ___'_ __ _ _(_)_ __  __ _ \ \ \ \
( ( )\___ | '_ | '_| | '_ \/ _` | \ \ \ \
 \\/  ___)| |_)| | | | | || (_| |  ) ) ) )
  '  |____| .__|_| |_|_| |_\__, | / / / /
 =========|_|==============|___/=/_/_/_/
 :: Spring Boot ::        (v2.2.5.RELEASE)

2020-03-06 00:24:21.666  INFO 24321 --- [    Test worker] c.g.c.tema07.twitter.TwitterServiceTest  : Starting TwitterServiceTest on pop-os with PID 24321 (started by gabrielakersul in /home/gabrielakersul/workspace/ilegra/jovens-talentos/2-cloud-native/gabriela-kersul/tema-07/twitter)
2020-03-06 00:24:21.670  INFO 24321 --- [    Test worker] c.g.c.tema07.twitter.TwitterServiceTest  : No active profile set, falling back to default profiles: default
2020-03-06 00:24:23.585  INFO 24321 --- [    Test worker] o.s.s.concurrent.ThreadPoolTaskExecutor  : Initializing ExecutorService 'applicationTaskExecutor'
2020-03-06 00:24:23.993  INFO 24321 --- [    Test worker] c.g.c.tema07.twitter.TwitterServiceTest  : Started TwitterServiceTest in 2.715 seconds (JVM running for 4.233)
]]></system-out>
  <system-err><![CDATA[]]></system-err>
</testsuite>
