<?xml version="1.0" encoding="UTF-8"?>
<testsuite name="com.gabikersul.cloud.tema07.github.GithubServiceTest" tests="1" skipped="0" failures="0" errors="0" timestamp="2020-03-06T12:38:11" hostname="pop-os" time="0.089">
  <properties/>
  <testcase name="shouldReturnTotalOfUserReposTest()" classname="com.gabikersul.cloud.tema07.github.GithubServiceTest" time="0.089"/>
  <system-out><![CDATA[09:38:09.087 [Test worker] DEBUG org.springframework.test.context.BootstrapUtils - Instantiating CacheAwareContextLoaderDelegate from class [org.springframework.test.context.cache.DefaultCacheAwareContextLoaderDelegate]
09:38:09.110 [Test worker] DEBUG org.springframework.test.context.BootstrapUtils - Instantiating BootstrapContext using constructor [public org.springframework.test.context.support.DefaultBootstrapContext(java.lang.Class,org.springframework.test.context.CacheAwareContextLoaderDelegate)]
09:38:09.222 [Test worker] DEBUG org.springframework.test.context.BootstrapUtils - Instantiating TestContextBootstrapper for test class [com.gabikersul.cloud.tema07.github.GithubServiceTest] from class [org.springframework.boot.test.context.SpringBootTestContextBootstrapper]
09:38:09.284 [Test worker] DEBUG org.springframework.test.context.support.AbstractContextLoader - Did not detect default resource location for test class [com.gabikersul.cloud.tema07.github.GithubServiceTest]: class path resource [com/gabikersul/cloud/tema07/github/GithubServiceTest-context.xml] does not exist
09:38:09.285 [Test worker] DEBUG org.springframework.test.context.support.AbstractContextLoader - Did not detect default resource location for test class [com.gabikersul.cloud.tema07.github.GithubServiceTest]: class path resource [com/gabikersul/cloud/tema07/github/GithubServiceTestContext.groovy] does not exist
09:38:09.286 [Test worker] INFO org.springframework.test.context.support.AbstractContextLoader - Could not detect default resource locations for test class [com.gabikersul.cloud.tema07.github.GithubServiceTest]: no resource found for suffixes {-context.xml, Context.groovy}.
09:38:09.378 [Test worker] DEBUG org.springframework.test.context.support.ActiveProfilesUtils - Could not find an 'annotation declaring class' for annotation type [org.springframework.test.context.ActiveProfiles] and class [com.gabikersul.cloud.tema07.github.GithubServiceTest]
09:38:09.575 [Test worker] DEBUG org.springframework.boot.test.context.SpringBootTestContextBootstrapper - @TestExecutionListeners is not present for class [com.gabikersul.cloud.tema07.github.GithubServiceTest]: using defaults.
09:38:09.576 [Test worker] INFO org.springframework.boot.test.context.SpringBootTestContextBootstrapper - Loaded default TestExecutionListener class names from location [META-INF/spring.factories]: [org.springframework.boot.test.autoconfigure.restdocs.RestDocsTestExecutionListener, org.springframework.boot.test.autoconfigure.web.client.MockRestServiceServerResetTestExecutionListener, org.springframework.boot.test.autoconfigure.web.servlet.MockMvcPrintOnlyOnFailureTestExecutionListener, org.springframework.boot.test.autoconfigure.web.servlet.WebDriverTestExecutionListener, org.springframework.boot.test.mock.mockito.MockitoTestExecutionListener, org.springframework.boot.test.mock.mockito.ResetMocksTestExecutionListener, org.springframework.test.context.web.ServletTestExecutionListener, org.springframework.test.context.support.DirtiesContextBeforeModesTestExecutionListener, org.springframework.test.context.support.DependencyInjectionTestExecutionListener, org.springframework.test.context.support.DirtiesContextTestExecutionListener, org.springframework.test.context.transaction.TransactionalTestExecutionListener, org.springframework.test.context.jdbc.SqlScriptsTestExecutionListener, org.springframework.test.context.event.EventPublishingTestExecutionListener]
09:38:09.588 [Test worker] DEBUG org.springframework.boot.test.context.SpringBootTestContextBootstrapper - Skipping candidate TestExecutionListener [org.springframework.test.context.transaction.TransactionalTestExecutionListener] due to a missing dependency. Specify custom listener classes or make the default listener classes and their required dependencies available. Offending class: [org/springframework/transaction/TransactionDefinition]
09:38:09.589 [Test worker] DEBUG org.springframework.boot.test.context.SpringBootTestContextBootstrapper - Skipping candidate TestExecutionListener [org.springframework.test.context.jdbc.SqlScriptsTestExecutionListener] due to a missing dependency. Specify custom listener classes or make the default listener classes and their required dependencies available. Offending class: [org/springframework/transaction/interceptor/TransactionAttribute]
09:38:09.590 [Test worker] INFO org.springframework.boot.test.context.SpringBootTestContextBootstrapper - Using TestExecutionListeners: [org.springframework.test.context.web.ServletTestExecutionListener@5ab93668, org.springframework.test.context.support.DirtiesContextBeforeModesTestExecutionListener@76f7298, org.springframework.boot.test.mock.mockito.MockitoTestExecutionListener@1ec057fb, org.springframework.boot.test.autoconfigure.SpringBootDependencyInjectionTestExecutionListener@6602e1b1, org.springframework.test.context.support.DirtiesContextTestExecutionListener@751b816f, org.springframework.test.context.event.EventPublishingTestExecutionListener@91cd6e6, org.springframework.boot.test.autoconfigure.restdocs.RestDocsTestExecutionListener@15ff27b1, org.springframework.boot.test.autoconfigure.web.client.MockRestServiceServerResetTestExecutionListener@640153d6, org.springframework.boot.test.autoconfigure.web.servlet.MockMvcPrintOnlyOnFailureTestExecutionListener@4d38b6c0, org.springframework.boot.test.autoconfigure.web.servlet.WebDriverTestExecutionListener@227cf267, org.springframework.boot.test.mock.mockito.ResetMocksTestExecutionListener@4ed28b36]
09:38:09.597 [Test worker] DEBUG org.springframework.test.context.support.AbstractDirtiesContextTestExecutionListener - Before test class: context [DefaultTestContext@76c9dd45 testClass = GithubServiceTest, testInstance = [null], testMethod = [null], testException = [null], mergedContextConfiguration = [WebMergedContextConfiguration@3a086287 testClass = GithubServiceTest, locations = '{}', classes = '{class com.gabikersul.cloud.tema07.github.GithubConfig}', contextInitializerClasses = '[]', activeProfiles = '{}', propertySourceLocations = '{}', propertySourceProperties = '{org.springframework.boot.test.context.SpringBootTestContextBootstrapper=true}', contextCustomizers = set[org.springframework.boot.test.autoconfigure.properties.PropertyMappingContextCustomizer@0, org.springframework.boot.test.autoconfigure.web.servlet.WebDriverContextCustomizerFactory$Customizer@4d4efa05, org.springframework.boot.test.context.filter.ExcludeFilterContextCustomizer@7b6d0237, org.springframework.boot.test.json.DuplicateJsonObjectContextCustomizerFactory$DuplicateJsonObjectContextCustomizer@16a16df9, org.springframework.boot.test.mock.mockito.MockitoContextCustomizer@0, org.springframework.boot.test.web.client.TestRestTemplateContextCustomizer@3b789575], resourceBasePath = 'src/main/webapp', contextLoader = 'org.springframework.boot.test.context.SpringBootContextLoader', parent = [null]], attributes = map['org.springframework.test.context.web.ServletTestExecutionListener.activateListener' -> true]], class annotated with @DirtiesContext [false] with mode [null].
09:38:09.654 [Test worker] DEBUG org.springframework.test.context.support.TestPropertySourceUtils - Adding inlined properties to environment: {spring.jmx.enabled=false, org.springframework.boot.test.context.SpringBootTestContextBootstrapper=true, server.port=-1}

  .   ____          _            __ _ _
 /\\ / ___'_ __ _ _(_)_ __  __ _ \ \ \ \
( ( )\___ | '_ | '_| | '_ \/ _` | \ \ \ \
 \\/  ___)| |_)| | | | | || (_| |  ) ) ) )
  '  |____| .__|_| |_|_| |_\__, | / / / /
 =========|_|==============|___/=/_/_/_/
 :: Spring Boot ::        (v2.2.5.RELEASE)

2020-03-06 09:38:10.257  INFO 26227 --- [    Test worker] c.g.c.tema07.github.GithubServiceTest    : Starting GithubServiceTest on pop-os with PID 26227 (started by gabrielakersul in /home/gabrielakersul/workspace/ilegra/jovens-talentos/2-cloud-native/gabriela-kersul/tema-07/github)
2020-03-06 09:38:10.260  INFO 26227 --- [    Test worker] c.g.c.tema07.github.GithubServiceTest    : No active profile set, falling back to default profiles: default
2020-03-06 09:38:10.933  INFO 26227 --- [    Test worker] c.g.c.tema07.github.GithubServiceTest    : Started GithubServiceTest in 1.259 seconds (JVM running for 3.347)
]]></system-out>
  <system-err><![CDATA[]]></system-err>
</testsuite>
